<?xml version="1.0" encoding="UTF-8"?>
<!-- Generated by org.testng.reporters.JUnitReportReporter -->
<testsuite hostname="STS-2479" failures="0" tests="3" name="EcommerceTest.tests.SubmitOrderTest" time="31.394" errors="0" timestamp="2025-09-16T07:25:35 IST" skipped="0">
  <testcase classname="EcommerceTest.tests.SubmitOrderTest" name="OrderHistoryTest" time="3.812"/>
  <testcase classname="EcommerceTest.tests.SubmitOrderTest" name="SubmitOrder" time="16.508"/>
  <testcase classname="EcommerceTest.tests.SubmitOrderTest" name="SubmitOrder" time="11.074"/>
</testsuite> <!-- EcommerceTest.tests.SubmitOrderTest -->
